<?xml version="1.0" encoding="UTF-8"?>
<testsuite name="ru.atom.chat.ChatClientTest" tests="4" skipped="4" failures="0" errors="0" timestamp="2019-04-09T01:32:06" hostname="MacBook-Pro-Georgij.local" time="0.001">
  <properties/>
  <testcase name="viewOnline" classname="ru.atom.chat.ChatClientTest" time="0.0">
    <skipped/>
  </testcase>
  <testcase name="say" classname="ru.atom.chat.ChatClientTest" time="0.0">
    <skipped/>
  </testcase>
  <testcase name="login" classname="ru.atom.chat.ChatClientTest" time="0.0">
    <skipped/>
  </testcase>
  <testcase name="viewChat" classname="ru.atom.chat.ChatClientTest" time="0.0">
    <skipped/>
  </testcase>
  <system-out><![CDATA[]]></system-out>
  <system-err><![CDATA[]]></system-err>
</testsuite>
